<html>
<head>
<title>TestNG:  Ravindra</title>
<link href="../testng.css" rel="stylesheet" type="text/css" />
<link href="../my-testng.css" rel="stylesheet" type="text/css" />

<style type="text/css">
.log { display: none;} 
.stack-trace { display: none;} 
</style>
<script type="text/javascript">
<!--
function flip(e) {
  current = e.style.display;
  if (current == 'block') {
    e.style.display = 'none';
    return 0;
  }
  else {
    e.style.display = 'block';
    return 1;
  }
}

function toggleBox(szDivId, elem, msg1, msg2)
{
  var res = -1;  if (document.getElementById) {
    res = flip(document.getElementById(szDivId));
  }
  else if (document.all) {
    // this is the way old msie versions work
    res = flip(document.all[szDivId]);
  }
  if(elem) {
    if(res == 0) elem.innerHTML = msg1; else elem.innerHTML = msg2;
  }

}

function toggleAllBoxes() {
  if (document.getElementsByTagName) {
    d = document.getElementsByTagName('div');
    for (i = 0; i < d.length; i++) {
      if (d[i].className == 'log') {
        flip(d[i]);
      }
    }
  }
}

// -->
</script>

</head>
<body>
<h2 align='center'>Ravindra</h2><table border='1' align="center">
<tr>
<td>Tests passed/Failed/Skipped:</td><td>6/2/0</td>
</tr><tr>
<td>Started on:</td><td>Thu Sep 30 20:17:49 IST 2021</td>
</tr>
<tr><td>Total time:</td><td>0 seconds (334 ms)</td>
</tr><tr>
<td>Included groups:</td><td></td>
</tr><tr>
<td>Excluded groups:</td><td></td>
</tr>
</table><p/>
<small><i>(Hover the method name to see the test class name)</i></small><p/>
<table width='100%' border='1' class='invocation-failed'>
<tr><td colspan='4' align='center'><b>FAILED TESTS</b></td></tr>
<tr><td><b>Test method</b></td>
<td width="30%"><b>Exception</b></td>
<td width="10%"><b>Time (seconds)</b></td>
<td><b>Instance</b></td>
</tr>
<tr>
<td title='MyTestNG.Sept29_DP.g()'><b>g</b><br>Test class: MyTestNG.Sept29_DP<br>Parameters: 10, 20, -10<br/>
<a href="#Output-258931371" onClick='toggleBox("Output-258931371", this, "Show output", "Hide output");'>Show output</a>

<a href="#Output-258931371" onClick="toggleAllBoxes();">Show all outputs</a>
<div class='log' id="Output-258931371">
Method is started<br/>
Fail[TestResult name=g status=FAILURE method=Sept29_DP.g(int, int, int)[pri:0, instance:MyTestNG.Sept29_DP@12b0404f] output=Method is started]<br/>
</div>
</td>
<td><div><pre>java.lang.AssertionError: expected [-10] but found [30]
	at MyTestNG.Sept29_DP.g(Sept29_DP.java:25)
	at java.base/java.util.ArrayList.forEach(ArrayList.java:1511)
... Removed 33 stack frames</pre></div><a href='#' onClick='toggleBox("stack-trace258931371", this, "Click to show all stack frames", "Click to hide stack frames")'>Click to show all stack frames</a>
<div class='stack-trace' id='stack-trace258931371'><pre>java.lang.AssertionError: expected [-10] but found [30]
	at org.testng.Assert.fail(Assert.java:99)
	at org.testng.Assert.failNotEquals(Assert.java:1037)
	at org.testng.Assert.assertEqualsImpl(Assert.java:140)
	at org.testng.Assert.assertEquals(Assert.java:122)
	at org.testng.Assert.assertEquals(Assert.java:907)
	at org.testng.Assert.assertEquals(Assert.java:917)
	at MyTestNG.Sept29_DP.g(Sept29_DP.java:25)
	at java.base/jdk.internal.reflect.NativeMethodAccessorImpl.invoke0(Native Method)
	at java.base/jdk.internal.reflect.NativeMethodAccessorImpl.invoke(NativeMethodAccessorImpl.java:64)
	at java.base/jdk.internal.reflect.DelegatingMethodAccessorImpl.invoke(DelegatingMethodAccessorImpl.java:43)
	at java.base/java.lang.reflect.Method.invoke(Method.java:564)
	at org.testng.internal.MethodInvocationHelper.invokeMethod(MethodInvocationHelper.java:132)
	at org.testng.internal.TestInvoker.invokeMethod(TestInvoker.java:599)
	at org.testng.internal.TestInvoker.invokeTestMethod(TestInvoker.java:174)
	at org.testng.internal.MethodRunner.runInSequence(MethodRunner.java:46)
	at org.testng.internal.TestInvoker$MethodInvocationAgent.invoke(TestInvoker.java:822)
	at org.testng.internal.TestInvoker.invokeTestMethods(TestInvoker.java:147)
	at org.testng.internal.TestMethodWorker.invokeTestMethods(TestMethodWorker.java:146)
	at org.testng.internal.TestMethodWorker.run(TestMethodWorker.java:128)
	at java.base/java.util.ArrayList.forEach(ArrayList.java:1511)
	at org.testng.TestRunner.privateRun(TestRunner.java:764)
	at org.testng.TestRunner.run(TestRunner.java:585)
	at org.testng.SuiteRunner.runTest(SuiteRunner.java:384)
	at org.testng.SuiteRunner.runSequentially(SuiteRunner.java:378)
	at org.testng.SuiteRunner.privateRun(SuiteRunner.java:337)
	at org.testng.SuiteRunner.run(SuiteRunner.java:286)
	at org.testng.SuiteRunnerWorker.runSuite(SuiteRunnerWorker.java:53)
	at org.testng.SuiteRunnerWorker.run(SuiteRunnerWorker.java:96)
	at org.testng.TestNG.runSuitesSequentially(TestNG.java:1218)
	at org.testng.TestNG.runSuitesLocally(TestNG.java:1140)
	at org.testng.TestNG.runSuites(TestNG.java:1069)
	at org.testng.TestNG.run(TestNG.java:1037)
	at org.testng.remote.AbstractRemoteTestNG.run(AbstractRemoteTestNG.java:115)
	at org.testng.remote.RemoteTestNG.initAndRun(RemoteTestNG.java:251)
	at org.testng.remote.RemoteTestNG.main(RemoteTestNG.java:77)
</pre></div></td>
<td>0</td>
<td>MyTestNG.Sept29_DP@12b0404f</td></tr>
<tr>
<td title='MyTestNG.Sept29_DP.g()'><b>g</b><br>Test class: MyTestNG.Sept29_DP<br>Parameters: 20, 1, 19<br/>
<a href="#Output-1278677872" onClick='toggleBox("Output-1278677872", this, "Show output", "Hide output");'>Show output</a>

<a href="#Output-1278677872" onClick="toggleAllBoxes();">Show all outputs</a>
<div class='log' id="Output-1278677872">
Method is started<br/>
Fail[TestResult name=g status=FAILURE method=Sept29_DP.g(int, int, int)[pri:0, instance:MyTestNG.Sept29_DP@12b0404f] output=Method is started]<br/>
</div>
</td>
<td><div><pre>java.lang.AssertionError: expected [19] but found [21]
	at MyTestNG.Sept29_DP.g(Sept29_DP.java:25)
	at java.base/java.util.ArrayList.forEach(ArrayList.java:1511)
... Removed 33 stack frames</pre></div><a href='#' onClick='toggleBox("stack-trace1278677872", this, "Click to show all stack frames", "Click to hide stack frames")'>Click to show all stack frames</a>
<div class='stack-trace' id='stack-trace1278677872'><pre>java.lang.AssertionError: expected [19] but found [21]
	at org.testng.Assert.fail(Assert.java:99)
	at org.testng.Assert.failNotEquals(Assert.java:1037)
	at org.testng.Assert.assertEqualsImpl(Assert.java:140)
	at org.testng.Assert.assertEquals(Assert.java:122)
	at org.testng.Assert.assertEquals(Assert.java:907)
	at org.testng.Assert.assertEquals(Assert.java:917)
	at MyTestNG.Sept29_DP.g(Sept29_DP.java:25)
	at java.base/jdk.internal.reflect.NativeMethodAccessorImpl.invoke0(Native Method)
	at java.base/jdk.internal.reflect.NativeMethodAccessorImpl.invoke(NativeMethodAccessorImpl.java:64)
	at java.base/jdk.internal.reflect.DelegatingMethodAccessorImpl.invoke(DelegatingMethodAccessorImpl.java:43)
	at java.base/java.lang.reflect.Method.invoke(Method.java:564)
	at org.testng.internal.MethodInvocationHelper.invokeMethod(MethodInvocationHelper.java:132)
	at org.testng.internal.TestInvoker.invokeMethod(TestInvoker.java:599)
	at org.testng.internal.TestInvoker.invokeTestMethod(TestInvoker.java:174)
	at org.testng.internal.MethodRunner.runInSequence(MethodRunner.java:46)
	at org.testng.internal.TestInvoker$MethodInvocationAgent.invoke(TestInvoker.java:822)
	at org.testng.internal.TestInvoker.invokeTestMethods(TestInvoker.java:147)
	at org.testng.internal.TestMethodWorker.invokeTestMethods(TestMethodWorker.java:146)
	at org.testng.internal.TestMethodWorker.run(TestMethodWorker.java:128)
	at java.base/java.util.ArrayList.forEach(ArrayList.java:1511)
	at org.testng.TestRunner.privateRun(TestRunner.java:764)
	at org.testng.TestRunner.run(TestRunner.java:585)
	at org.testng.SuiteRunner.runTest(SuiteRunner.java:384)
	at org.testng.SuiteRunner.runSequentially(SuiteRunner.java:378)
	at org.testng.SuiteRunner.privateRun(SuiteRunner.java:337)
	at org.testng.SuiteRunner.run(SuiteRunner.java:286)
	at org.testng.SuiteRunnerWorker.runSuite(SuiteRunnerWorker.java:53)
	at org.testng.SuiteRunnerWorker.run(SuiteRunnerWorker.java:96)
	at org.testng.TestNG.runSuitesSequentially(TestNG.java:1218)
	at org.testng.TestNG.runSuitesLocally(TestNG.java:1140)
	at org.testng.TestNG.runSuites(TestNG.java:1069)
	at org.testng.TestNG.run(TestNG.java:1037)
	at org.testng.remote.AbstractRemoteTestNG.run(AbstractRemoteTestNG.java:115)
	at org.testng.remote.RemoteTestNG.initAndRun(RemoteTestNG.java:251)
	at org.testng.remote.RemoteTestNG.main(RemoteTestNG.java:77)
</pre></div></td>
<td>0</td>
<td>MyTestNG.Sept29_DP@12b0404f</td></tr>
</table><p>
<table width='100%' border='1' class='invocation-passed'>
<tr><td colspan='4' align='center'><b>PASSED TESTS</b></td></tr>
<tr><td><b>Test method</b></td>
<td width="30%"><b>Exception</b></td>
<td width="10%"><b>Time (seconds)</b></td>
<td><b>Instance</b></td>
</tr>
<tr>
<td title='MyTestNG.Sept29_DP.f()'><b>f</b><br>Test class: MyTestNG.Sept29_DP<br>Parameters: Google, https://www.google.com<br/>
<a href="#Output-2114444063" onClick='toggleBox("Output-2114444063", this, "Show output", "Hide output");'>Show output</a>

<a href="#Output-2114444063" onClick="toggleAllBoxes();">Show all outputs</a>
<div class='log' id="Output-2114444063">
Method is started<br/>
Success<br/>
</div>
</td>
<td></td>
<td>0</td>
<td>MyTestNG.Sept29_DP@12b0404f</td></tr>
<tr>
<td title='MyTestNG.Sept29_DP.f()'><b>f</b><br>Test class: MyTestNG.Sept29_DP<br>Parameters: Facebook, https://www.facebook.com<br/>
<a href="#Output-1334042472" onClick='toggleBox("Output-1334042472", this, "Show output", "Hide output");'>Show output</a>

<a href="#Output-1334042472" onClick="toggleAllBoxes();">Show all outputs</a>
<div class='log' id="Output-1334042472">
Method is started<br/>
Success<br/>
</div>
</td>
<td></td>
<td>0</td>
<td>MyTestNG.Sept29_DP@12b0404f</td></tr>
<tr>
<td title='MyTestNG.Sept29_DP.f()'><b>f</b><br>Test class: MyTestNG.Sept29_DP<br>Parameters: Google, https://www.google.com<br/>
<a href="#Output-1827725498" onClick='toggleBox("Output-1827725498", this, "Show output", "Hide output");'>Show output</a>

<a href="#Output-1827725498" onClick="toggleAllBoxes();">Show all outputs</a>
<div class='log' id="Output-1827725498">
Method is started<br/>
Success<br/>
</div>
</td>
<td></td>
<td>0</td>
<td>MyTestNG.Sept29_DP@12b0404f</td></tr>
<tr>
<td title='MyTestNG.Sept29_DP.f()'><b>f</b><br>Test class: MyTestNG.Sept29_DP<br>Parameters: Facebook, https://www.facebook.com<br/>
<a href="#Output-131635550" onClick='toggleBox("Output-131635550", this, "Show output", "Hide output");'>Show output</a>

<a href="#Output-131635550" onClick="toggleAllBoxes();">Show all outputs</a>
<div class='log' id="Output-131635550">
Method is started<br/>
Success<br/>
</div>
</td>
<td></td>
<td>0</td>
<td>MyTestNG.Sept29_DP@12b0404f</td></tr>
<tr>
<td title='MyTestNG.Sept29_DP.g()'><b>g</b><br>Test class: MyTestNG.Sept29_DP<br>Parameters: 1, 2, 3<br/>
<a href="#Output-1118078504" onClick='toggleBox("Output-1118078504", this, "Show output", "Hide output");'>Show output</a>

<a href="#Output-1118078504" onClick="toggleAllBoxes();">Show all outputs</a>
<div class='log' id="Output-1118078504">
Method is started<br/>
Successful<br/>
Success<br/>
</div>
</td>
<td></td>
<td>0</td>
<td>MyTestNG.Sept29_DP@12b0404f</td></tr>
<tr>
<td title='MyTestNG.Sept29_DP.g()'><b>g</b><br>Test class: MyTestNG.Sept29_DP<br>Parameters: 11, 12, 23<br/>
<a href="#Output-1961945640" onClick='toggleBox("Output-1961945640", this, "Show output", "Hide output");'>Show output</a>

<a href="#Output-1961945640" onClick="toggleAllBoxes();">Show all outputs</a>
<div class='log' id="Output-1961945640">
Method is started<br/>
Successful<br/>
Success<br/>
</div>
</td>
<td></td>
<td>0</td>
<td>MyTestNG.Sept29_DP@12b0404f</td></tr>
</table><p>
</body>
</html>