<html>
<head>
<title>TestNG:  Test</title>
<link href="../testng.css" rel="stylesheet" type="text/css" />
<link href="../my-testng.css" rel="stylesheet" type="text/css" />

<style type="text/css">
.log { display: none;} 
.stack-trace { display: none;} 
</style>
<script type="text/javascript">
<!--
function flip(e) {
  current = e.style.display;
  if (current == 'block') {
    e.style.display = 'none';
    return 0;
  }
  else {
    e.style.display = 'block';
    return 1;
  }
}

function toggleBox(szDivId, elem, msg1, msg2)
{
  var res = -1;  if (document.getElementById) {
    res = flip(document.getElementById(szDivId));
  }
  else if (document.all) {
    // this is the way old msie versions work
    res = flip(document.all[szDivId]);
  }
  if(elem) {
    if(res == 0) elem.innerHTML = msg1; else elem.innerHTML = msg2;
  }

}

function toggleAllBoxes() {
  if (document.getElementsByTagName) {
    d = document.getElementsByTagName('div');
    for (i = 0; i < d.length; i++) {
      if (d[i].className == 'log') {
        flip(d[i]);
      }
    }
  }
}

// -->
</script>

</head>
<body>
<h2 align='center'>Test</h2><table border='1' align="center">
<tr>
<td>Tests passed/Failed/Skipped:</td><td>10/3/1</td>
</tr><tr>
<td>Started on:</td><td>Wed Oct 06 20:33:54 IST 2021</td>
</tr>
<tr><td>Total time:</td><td>22 seconds (22570 ms)</td>
</tr><tr>
<td>Included groups:</td><td></td>
</tr><tr>
<td>Excluded groups:</td><td></td>
</tr>
</table><p/>
<small><i>(Hover the method name to see the test class name)</i></small><p/>
<table width='100%' border='1' class='invocation-failed'>
<tr><td colspan='4' align='center'><b>FAILED TESTS</b></td></tr>
<tr><td><b>Test method</b></td>
<td width="30%"><b>Exception</b></td>
<td width="10%"><b>Time (seconds)</b></td>
<td><b>Instance</b></td>
</tr>
<tr>
<td title='MyTestNG.Sept27_DependsOnGroup.find()'><b>find</b><br>Test class: MyTestNG.Sept27_DependsOnGroup<br/>
<a href="#Output-1675252663" onClick='toggleBox("Output-1675252663", this, "Show output", "Hide output");'>Show output</a>

<a href="#Output-1675252663" onClick="toggleAllBoxes();">Show all outputs</a>
<div class='log' id="Output-1675252663">
Method is started<br/>
Fail[TestResult name=find status=FAILURE method=Sept27_DependsOnGroup.find()[pri:0, instance:MyTestNG.Sept27_DependsOnGroup@7adda9cc] output=Method is started]<br/>
</div>
</td>
<td><div><pre>org.openqa.selenium.NoSuchElementException: no such element: Unable to locate element: {&quot;method&quot;:&quot;xpath&quot;,&quot;selector&quot;:&quot;//*[@name=&quot;q&quot;]&quot;}
  (Session info: chrome=94.0.4606.71)
For documentation on this error, please visit: https://www.seleniumhq.org/exceptions/no_such_element.html
Build info: version: &apos;3.141.59&apos;, revision: &apos;e82be7d358&apos;, time: &apos;2018-11-14T08:25:48&apos;
System info: host: &apos;RAVINDRALAPTOP&apos;, ip: &apos;192.168.0.101&apos;, os.name: &apos;Windows 8&apos;, os.arch: &apos;amd64&apos;, os.version: &apos;6.2&apos;, java.version: &apos;15.0.1&apos;
Driver info: org.openqa.selenium.chrome.ChromeDriver
Capabilities {acceptInsecureCerts: false, browserName: chrome, browserVersion: 94.0.4606.71, chrome: {chromedriverVersion: 94.0.4606.41 (333e85df3c9b6..., userDataDir: C:\Users\ravi\AppData\Local...}, goog:chromeOptions: {debuggerAddress: localhost:60605}, javascriptEnabled: true, networkConnectionEnabled: false, pageLoadStrategy: normal, platform: WINDOWS, platformName: WINDOWS, proxy: Proxy(), setWindowRect: true, strictFileInteractability: false, timeouts: {implicit: 0, pageLoad: 300000, script: 30000}, unhandledPromptBehavior: dismiss and notify, webauthn:extension:credBlob: true, webauthn:extension:largeBlob: true, webauthn:virtualAuthenticators: true}
Session ID: 94a67502452a16eacaa63e3c0cb25658
*** Element info: {Using=xpath, value=//*[@name=&quot;q&quot;]}
	at org.openqa.selenium.remote.http.W3CHttpResponseCodec.createException(W3CHttpResponseCodec.java:187)
	at org.openqa.selenium.remote.http.W3CHttpResponseCodec.decode(W3CHttpResponseCodec.java:122)
	at org.openqa.selenium.remote.http.W3CHttpResponseCodec.decode(W3CHttpResponseCodec.java:49)
	at org.openqa.selenium.remote.HttpCommandExecutor.execute(HttpCommandExecutor.java:158)
	at org.openqa.selenium.remote.service.DriverCommandExecutor.execute(DriverCommandExecutor.java:83)
	at org.openqa.selenium.remote.RemoteWebDriver.execute(RemoteWebDriver.java:552)
	at org.openqa.selenium.remote.RemoteWebDriver.findElement(RemoteWebDriver.java:323)
	at org.openqa.selenium.remote.RemoteWebDriver.findElementByXPath(RemoteWebDriver.java:428)
	at org.openqa.selenium.By$ByXPath.findElement(By.java:353)
	at org.openqa.selenium.remote.RemoteWebDriver.findElement(RemoteWebDriver.java:315)
	at MyTestNG.Sept27_DependsOnGroup.find(Sept27_DependsOnGroup.java:24)
	at java.base/java.util.concurrent.ThreadPoolExecutor.runWorker(ThreadPoolExecutor.java:1130)
	at java.base/java.util.concurrent.ThreadPoolExecutor$Worker.run(ThreadPoolExecutor.java:630)
	at java.base/java.lang.Thread.run(Thread.java:832)
... Removed 17 stack frames</pre></div><a href='#' onClick='toggleBox("stack-trace1675252663", this, "Click to show all stack frames", "Click to hide stack frames")'>Click to show all stack frames</a>
<div class='stack-trace' id='stack-trace1675252663'><pre>org.openqa.selenium.NoSuchElementException: no such element: Unable to locate element: {&quot;method&quot;:&quot;xpath&quot;,&quot;selector&quot;:&quot;//*[@name=&quot;q&quot;]&quot;}
  (Session info: chrome=94.0.4606.71)
For documentation on this error, please visit: https://www.seleniumhq.org/exceptions/no_such_element.html
Build info: version: &apos;3.141.59&apos;, revision: &apos;e82be7d358&apos;, time: &apos;2018-11-14T08:25:48&apos;
System info: host: &apos;RAVINDRALAPTOP&apos;, ip: &apos;192.168.0.101&apos;, os.name: &apos;Windows 8&apos;, os.arch: &apos;amd64&apos;, os.version: &apos;6.2&apos;, java.version: &apos;15.0.1&apos;
Driver info: org.openqa.selenium.chrome.ChromeDriver
Capabilities {acceptInsecureCerts: false, browserName: chrome, browserVersion: 94.0.4606.71, chrome: {chromedriverVersion: 94.0.4606.41 (333e85df3c9b6..., userDataDir: C:\Users\ravi\AppData\Local...}, goog:chromeOptions: {debuggerAddress: localhost:60605}, javascriptEnabled: true, networkConnectionEnabled: false, pageLoadStrategy: normal, platform: WINDOWS, platformName: WINDOWS, proxy: Proxy(), setWindowRect: true, strictFileInteractability: false, timeouts: {implicit: 0, pageLoad: 300000, script: 30000}, unhandledPromptBehavior: dismiss and notify, webauthn:extension:credBlob: true, webauthn:extension:largeBlob: true, webauthn:virtualAuthenticators: true}
Session ID: 94a67502452a16eacaa63e3c0cb25658
*** Element info: {Using=xpath, value=//*[@name=&quot;q&quot;]}
	at java.base/jdk.internal.reflect.NativeConstructorAccessorImpl.newInstance0(Native Method)
	at java.base/jdk.internal.reflect.NativeConstructorAccessorImpl.newInstance(NativeConstructorAccessorImpl.java:64)
	at java.base/jdk.internal.reflect.DelegatingConstructorAccessorImpl.newInstance(DelegatingConstructorAccessorImpl.java:45)
	at java.base/java.lang.reflect.Constructor.newInstanceWithCaller(Constructor.java:500)
	at java.base/java.lang.reflect.Constructor.newInstance(Constructor.java:481)
	at org.openqa.selenium.remote.http.W3CHttpResponseCodec.createException(W3CHttpResponseCodec.java:187)
	at org.openqa.selenium.remote.http.W3CHttpResponseCodec.decode(W3CHttpResponseCodec.java:122)
	at org.openqa.selenium.remote.http.W3CHttpResponseCodec.decode(W3CHttpResponseCodec.java:49)
	at org.openqa.selenium.remote.HttpCommandExecutor.execute(HttpCommandExecutor.java:158)
	at org.openqa.selenium.remote.service.DriverCommandExecutor.execute(DriverCommandExecutor.java:83)
	at org.openqa.selenium.remote.RemoteWebDriver.execute(RemoteWebDriver.java:552)
	at org.openqa.selenium.remote.RemoteWebDriver.findElement(RemoteWebDriver.java:323)
	at org.openqa.selenium.remote.RemoteWebDriver.findElementByXPath(RemoteWebDriver.java:428)
	at org.openqa.selenium.By$ByXPath.findElement(By.java:353)
	at org.openqa.selenium.remote.RemoteWebDriver.findElement(RemoteWebDriver.java:315)
	at MyTestNG.Sept27_DependsOnGroup.find(Sept27_DependsOnGroup.java:24)
	at java.base/jdk.internal.reflect.NativeMethodAccessorImpl.invoke0(Native Method)
	at java.base/jdk.internal.reflect.NativeMethodAccessorImpl.invoke(NativeMethodAccessorImpl.java:64)
	at java.base/jdk.internal.reflect.DelegatingMethodAccessorImpl.invoke(DelegatingMethodAccessorImpl.java:43)
	at java.base/java.lang.reflect.Method.invoke(Method.java:564)
	at org.testng.internal.MethodInvocationHelper.invokeMethod(MethodInvocationHelper.java:132)
	at org.testng.internal.TestInvoker.invokeMethod(TestInvoker.java:599)
	at org.testng.internal.TestInvoker.invokeTestMethod(TestInvoker.java:174)
	at org.testng.internal.MethodRunner.runInSequence(MethodRunner.java:46)
	at org.testng.internal.TestInvoker$MethodInvocationAgent.invoke(TestInvoker.java:822)
	at org.testng.internal.TestInvoker.invokeTestMethods(TestInvoker.java:147)
	at org.testng.internal.TestMethodWorker.invokeTestMethods(TestMethodWorker.java:146)
	at org.testng.internal.TestMethodWorker.run(TestMethodWorker.java:128)
	at java.base/java.util.concurrent.ThreadPoolExecutor.runWorker(ThreadPoolExecutor.java:1130)
	at java.base/java.util.concurrent.ThreadPoolExecutor$Worker.run(ThreadPoolExecutor.java:630)
	at java.base/java.lang.Thread.run(Thread.java:832)
</pre></div></td>
<td>0</td>
<td>MyTestNG.Sept27_DependsOnGroup@7adda9cc</td></tr>
<tr>
<td title='MyTestNG.Sept29_DP.g()'><b>g</b><br>Test class: MyTestNG.Sept29_DP<br>Parameters: 10, 20, -10<br/>
<a href="#Output-1693154728" onClick='toggleBox("Output-1693154728", this, "Show output", "Hide output");'>Show output</a>

<a href="#Output-1693154728" onClick="toggleAllBoxes();">Show all outputs</a>
<div class='log' id="Output-1693154728">
Method is started<br/>
Fail[TestResult name=g status=FAILURE method=Sept29_DP.g(int, int, int)[pri:0, instance:MyTestNG.Sept29_DP@5cee5251] output=Method is started]<br/>
</div>
</td>
<td><div><pre>java.lang.AssertionError: expected [-10] but found [30]
	at MyTestNG.Sept29_DP.g(Sept29_DP.java:31)
	at java.base/java.util.concurrent.ThreadPoolExecutor.runWorker(ThreadPoolExecutor.java:1130)
	at java.base/java.util.concurrent.ThreadPoolExecutor$Worker.run(ThreadPoolExecutor.java:630)
	at java.base/java.lang.Thread.run(Thread.java:832)
... Removed 18 stack frames</pre></div><a href='#' onClick='toggleBox("stack-trace1693154728", this, "Click to show all stack frames", "Click to hide stack frames")'>Click to show all stack frames</a>
<div class='stack-trace' id='stack-trace1693154728'><pre>java.lang.AssertionError: expected [-10] but found [30]
	at org.testng.Assert.fail(Assert.java:99)
	at org.testng.Assert.failNotEquals(Assert.java:1037)
	at org.testng.Assert.assertEqualsImpl(Assert.java:140)
	at org.testng.Assert.assertEquals(Assert.java:122)
	at org.testng.Assert.assertEquals(Assert.java:907)
	at org.testng.Assert.assertEquals(Assert.java:917)
	at MyTestNG.Sept29_DP.g(Sept29_DP.java:31)
	at java.base/jdk.internal.reflect.NativeMethodAccessorImpl.invoke0(Native Method)
	at java.base/jdk.internal.reflect.NativeMethodAccessorImpl.invoke(NativeMethodAccessorImpl.java:64)
	at java.base/jdk.internal.reflect.DelegatingMethodAccessorImpl.invoke(DelegatingMethodAccessorImpl.java:43)
	at java.base/java.lang.reflect.Method.invoke(Method.java:564)
	at org.testng.internal.MethodInvocationHelper.invokeMethod(MethodInvocationHelper.java:132)
	at org.testng.internal.TestInvoker.invokeMethod(TestInvoker.java:599)
	at org.testng.internal.TestInvoker.invokeTestMethod(TestInvoker.java:174)
	at org.testng.internal.MethodRunner.runInSequence(MethodRunner.java:46)
	at org.testng.internal.TestInvoker$MethodInvocationAgent.invoke(TestInvoker.java:822)
	at org.testng.internal.TestInvoker.invokeTestMethods(TestInvoker.java:147)
	at org.testng.internal.TestMethodWorker.invokeTestMethods(TestMethodWorker.java:146)
	at org.testng.internal.TestMethodWorker.run(TestMethodWorker.java:128)
	at java.base/java.util.concurrent.ThreadPoolExecutor.runWorker(ThreadPoolExecutor.java:1130)
	at java.base/java.util.concurrent.ThreadPoolExecutor$Worker.run(ThreadPoolExecutor.java:630)
	at java.base/java.lang.Thread.run(Thread.java:832)
</pre></div></td>
<td>0</td>
<td>MyTestNG.Sept29_DP@5cee5251</td></tr>
<tr>
<td title='MyTestNG.Sept29_DP.g()'><b>g</b><br>Test class: MyTestNG.Sept29_DP<br>Parameters: 20, 1, 19<br/>
<a href="#Output-491298831" onClick='toggleBox("Output-491298831", this, "Show output", "Hide output");'>Show output</a>

<a href="#Output-491298831" onClick="toggleAllBoxes();">Show all outputs</a>
<div class='log' id="Output-491298831">
Method is started<br/>
Fail[TestResult name=g status=FAILURE method=Sept29_DP.g(int, int, int)[pri:0, instance:MyTestNG.Sept29_DP@5cee5251] output=Method is started]<br/>
</div>
</td>
<td><div><pre>java.lang.AssertionError: expected [19] but found [21]
	at MyTestNG.Sept29_DP.g(Sept29_DP.java:31)
	at java.base/java.util.concurrent.ThreadPoolExecutor.runWorker(ThreadPoolExecutor.java:1130)
	at java.base/java.util.concurrent.ThreadPoolExecutor$Worker.run(ThreadPoolExecutor.java:630)
	at java.base/java.lang.Thread.run(Thread.java:832)
... Removed 18 stack frames</pre></div><a href='#' onClick='toggleBox("stack-trace491298831", this, "Click to show all stack frames", "Click to hide stack frames")'>Click to show all stack frames</a>
<div class='stack-trace' id='stack-trace491298831'><pre>java.lang.AssertionError: expected [19] but found [21]
	at org.testng.Assert.fail(Assert.java:99)
	at org.testng.Assert.failNotEquals(Assert.java:1037)
	at org.testng.Assert.assertEqualsImpl(Assert.java:140)
	at org.testng.Assert.assertEquals(Assert.java:122)
	at org.testng.Assert.assertEquals(Assert.java:907)
	at org.testng.Assert.assertEquals(Assert.java:917)
	at MyTestNG.Sept29_DP.g(Sept29_DP.java:31)
	at java.base/jdk.internal.reflect.NativeMethodAccessorImpl.invoke0(Native Method)
	at java.base/jdk.internal.reflect.NativeMethodAccessorImpl.invoke(NativeMethodAccessorImpl.java:64)
	at java.base/jdk.internal.reflect.DelegatingMethodAccessorImpl.invoke(DelegatingMethodAccessorImpl.java:43)
	at java.base/java.lang.reflect.Method.invoke(Method.java:564)
	at org.testng.internal.MethodInvocationHelper.invokeMethod(MethodInvocationHelper.java:132)
	at org.testng.internal.TestInvoker.invokeMethod(TestInvoker.java:599)
	at org.testng.internal.TestInvoker.invokeTestMethod(TestInvoker.java:174)
	at org.testng.internal.MethodRunner.runInSequence(MethodRunner.java:46)
	at org.testng.internal.TestInvoker$MethodInvocationAgent.invoke(TestInvoker.java:822)
	at org.testng.internal.TestInvoker.invokeTestMethods(TestInvoker.java:147)
	at org.testng.internal.TestMethodWorker.invokeTestMethods(TestMethodWorker.java:146)
	at org.testng.internal.TestMethodWorker.run(TestMethodWorker.java:128)
	at java.base/java.util.concurrent.ThreadPoolExecutor.runWorker(ThreadPoolExecutor.java:1130)
	at java.base/java.util.concurrent.ThreadPoolExecutor$Worker.run(ThreadPoolExecutor.java:630)
	at java.base/java.lang.Thread.run(Thread.java:832)
</pre></div></td>
<td>0</td>
<td>MyTestNG.Sept29_DP@5cee5251</td></tr>
</table><p>
<table width='100%' border='1' class='invocation-passed'>
<tr><td colspan='4' align='center'><b>PASSED TESTS</b></td></tr>
<tr><td><b>Test method</b></td>
<td width="30%"><b>Exception</b></td>
<td width="10%"><b>Time (seconds)</b></td>
<td><b>Instance</b></td>
</tr>
<tr>
<td title='MyTestNG.Sept27_DependsOnGroup.clickgmail()'><b>clickgmail</b><br>Test class: MyTestNG.Sept27_DependsOnGroup<br/>
<a href="#Output-533720669" onClick='toggleBox("Output-533720669", this, "Show output", "Hide output");'>Show output</a>

<a href="#Output-533720669" onClick="toggleAllBoxes();">Show all outputs</a>
<div class='log' id="Output-533720669">
Method is started<br/>
Success<br/>
</div>
</td>
<td></td>
<td>3</td>
<td>MyTestNG.Sept27_DependsOnGroup@7adda9cc</td></tr>
<tr>
<td title='MyTestNG.Sept29_DP.f()'><b>f</b><br>Test class: MyTestNG.Sept29_DP<br>Parameters: Google, https://www.google.com<br/>
<a href="#Output-1710817972" onClick='toggleBox("Output-1710817972", this, "Show output", "Hide output");'>Show output</a>

<a href="#Output-1710817972" onClick="toggleAllBoxes();">Show all outputs</a>
<div class='log' id="Output-1710817972">
Method is started<br/>
Success<br/>
</div>
</td>
<td></td>
<td>0</td>
<td>MyTestNG.Sept29_DP@5cee5251</td></tr>
<tr>
<td title='MyTestNG.Sept29_DP.f()'><b>f</b><br>Test class: MyTestNG.Sept29_DP<br>Parameters: Facebook, https://www.facebook.com<br/>
<a href="#Output-1379967917" onClick='toggleBox("Output-1379967917", this, "Show output", "Hide output");'>Show output</a>

<a href="#Output-1379967917" onClick="toggleAllBoxes();">Show all outputs</a>
<div class='log' id="Output-1379967917">
Method is started<br/>
Success<br/>
</div>
</td>
<td></td>
<td>0</td>
<td>MyTestNG.Sept29_DP@5cee5251</td></tr>
<tr>
<td title='MyTestNG.Sept29_DP.f()'><b>f</b><br>Test class: MyTestNG.Sept29_DP<br>Parameters: Google, https://www.google.com<br/>
<a href="#Output-1237310252" onClick='toggleBox("Output-1237310252", this, "Show output", "Hide output");'>Show output</a>

<a href="#Output-1237310252" onClick="toggleAllBoxes();">Show all outputs</a>
<div class='log' id="Output-1237310252">
Method is started<br/>
Success<br/>
</div>
</td>
<td></td>
<td>0</td>
<td>MyTestNG.Sept29_DP@5cee5251</td></tr>
<tr>
<td title='MyTestNG.Sept29_DP.f()'><b>f</b><br>Test class: MyTestNG.Sept29_DP<br>Parameters: Facebook, https://www.facebook.com<br/>
<a href="#Output-344737409" onClick='toggleBox("Output-344737409", this, "Show output", "Hide output");'>Show output</a>

<a href="#Output-344737409" onClick="toggleAllBoxes();">Show all outputs</a>
<div class='log' id="Output-344737409">
Method is started<br/>
Success<br/>
</div>
</td>
<td></td>
<td>0</td>
<td>MyTestNG.Sept29_DP@5cee5251</td></tr>
<tr>
<td title='MyTestNG.Oct10_CrossBrowser.f()'><b>f</b><br>Test class: MyTestNG.Oct10_CrossBrowser<br/>
<a href="#Output-951133548" onClick='toggleBox("Output-951133548", this, "Show output", "Hide output");'>Show output</a>

<a href="#Output-951133548" onClick="toggleAllBoxes();">Show all outputs</a>
<div class='log' id="Output-951133548">
Method is started<br/>
Success<br/>
</div>
</td>
<td></td>
<td>5</td>
<td>MyTestNG.Oct10_CrossBrowser@433d61fb</td></tr>
<tr>
<td title='MyTestNG.Sept29_DP.g()'><b>g</b><br>Test class: MyTestNG.Sept29_DP<br>Parameters: 1, 2, 3<br/>
<a href="#Output-1492384606" onClick='toggleBox("Output-1492384606", this, "Show output", "Hide output");'>Show output</a>

<a href="#Output-1492384606" onClick="toggleAllBoxes();">Show all outputs</a>
<div class='log' id="Output-1492384606">
Method is started<br/>
Successful<br/>
Success<br/>
</div>
</td>
<td></td>
<td>0</td>
<td>MyTestNG.Sept29_DP@5cee5251</td></tr>
<tr>
<td title='MyTestNG.Sept29_DP.g()'><b>g</b><br>Test class: MyTestNG.Sept29_DP<br>Parameters: 11, 12, 23<br/>
<a href="#Output-442083249" onClick='toggleBox("Output-442083249", this, "Show output", "Hide output");'>Show output</a>

<a href="#Output-442083249" onClick="toggleAllBoxes();">Show all outputs</a>
<div class='log' id="Output-442083249">
Method is started<br/>
Successful<br/>
Success<br/>
</div>
</td>
<td></td>
<td>0</td>
<td>MyTestNG.Sept29_DP@5cee5251</td></tr>
<tr>
<td title='MyTestNG.Sept27_DependsOnGroup.init12()'><b>init12</b><br>Test class: MyTestNG.Sept27_DependsOnGroup<br/>
<a href="#Output-554844780" onClick='toggleBox("Output-554844780", this, "Show output", "Hide output");'>Show output</a>

<a href="#Output-554844780" onClick="toggleAllBoxes();">Show all outputs</a>
<div class='log' id="Output-554844780">
Method is started<br/>
Success<br/>
</div>
</td>
<td></td>
<td>4</td>
<td>MyTestNG.Sept27_DependsOnGroup@7adda9cc</td></tr>
<tr>
<td title='MyTestNG.Sept27_DependsOnGroup.openURL()'><b>openURL</b><br>Test class: MyTestNG.Sept27_DependsOnGroup<br/>
<a href="#Output-1936465358" onClick='toggleBox("Output-1936465358", this, "Show output", "Hide output");'>Show output</a>

<a href="#Output-1936465358" onClick="toggleAllBoxes();">Show all outputs</a>
<div class='log' id="Output-1936465358">
Method is started<br/>
Success<br/>
</div>
</td>
<td></td>
<td>5</td>
<td>MyTestNG.Sept27_DependsOnGroup@7adda9cc</td></tr>
</table><p>
<table width='100%' border='1' class='invocation-skipped'>
<tr><td colspan='4' align='center'><b>SKIPPED TESTS</b></td></tr>
<tr><td><b>Test method</b></td>
<td width="30%"><b>Exception</b></td>
<td width="10%"><b>Time (seconds)</b></td>
<td><b>Instance</b></td>
</tr>
<tr>
<td title='MyTestNG.Sept27_DependsOnGroup.displayResult()'><b>displayResult</b><br>Test class: MyTestNG.Sept27_DependsOnGroup<br/>
<a href="#Output-874218628" onClick='toggleBox("Output-874218628", this, "Show output", "Hide output");'>Show output</a>

<a href="#Output-874218628" onClick="toggleAllBoxes();">Show all outputs</a>
<div class='log' id="Output-874218628">
Skipped[TestResult name=displayResult status=SKIP method=Sept27_DependsOnGroup.displayResult()[pri:0, instance:MyTestNG.Sept27_DependsOnGroup@7adda9cc] output={null}]<br/>
</div>
</td>
<td><div><pre>java.lang.Throwable: Method Sept27_DependsOnGroup.displayResult()[pri:0, instance:MyTestNG.Sept27_DependsOnGroup@7adda9cc] depends on not successfully finished methods
	at java.base/java.util.concurrent.ThreadPoolExecutor.runWorker(ThreadPoolExecutor.java:1130)
	at java.base/java.util.concurrent.ThreadPoolExecutor$Worker.run(ThreadPoolExecutor.java:630)
	at java.base/java.lang.Thread.run(Thread.java:832)
... Removed 3 stack frames</pre></div><a href='#' onClick='toggleBox("stack-trace874218628", this, "Click to show all stack frames", "Click to hide stack frames")'>Click to show all stack frames</a>
<div class='stack-trace' id='stack-trace874218628'><pre>java.lang.Throwable: Method Sept27_DependsOnGroup.displayResult()[pri:0, instance:MyTestNG.Sept27_DependsOnGroup@7adda9cc] depends on not successfully finished methods
	at org.testng.internal.TestInvoker.invokeTestMethods(TestInvoker.java:102)
	at org.testng.internal.TestMethodWorker.invokeTestMethods(TestMethodWorker.java:146)
	at org.testng.internal.TestMethodWorker.run(TestMethodWorker.java:128)
	at java.base/java.util.concurrent.ThreadPoolExecutor.runWorker(ThreadPoolExecutor.java:1130)
	at java.base/java.util.concurrent.ThreadPoolExecutor$Worker.run(ThreadPoolExecutor.java:630)
	at java.base/java.lang.Thread.run(Thread.java:832)
</pre></div></td>
<td>0</td>
<td>MyTestNG.Sept27_DependsOnGroup@7adda9cc</td></tr>
</table><p>
</body>
</html>