<?xml version="1.0" encoding="UTF-8"?>
<testng-results ignored="0" total="14" passed="10" failed="3" skipped="1">
  <reporter-output>
    <line>
      <![CDATA[Method is started]]>
    </line>
    <line>
      <![CDATA[Method is started]]>
    </line>
    <line>
      <![CDATA[Success]]>
    </line>
    <line>
      <![CDATA[Method is started]]>
    </line>
    <line>
      <![CDATA[Success]]>
    </line>
    <line>
      <![CDATA[Method is started]]>
    </line>
    <line>
      <![CDATA[Success]]>
    </line>
    <line>
      <![CDATA[Method is started]]>
    </line>
    <line>
      <![CDATA[Success]]>
    </line>
    <line>
      <![CDATA[Method is started]]>
    </line>
    <line>
      <![CDATA[Successful]]>
    </line>
    <line>
      <![CDATA[Success]]>
    </line>
    <line>
      <![CDATA[Method is started]]>
    </line>
    <line>
      <![CDATA[Successful]]>
    </line>
    <line>
      <![CDATA[Success]]>
    </line>
    <line>
      <![CDATA[Method is started]]>
    </line>
    <line>
      <![CDATA[Fail[TestResult name=g status=FAILURE method=Sept29_DP.g(int, int, int)[pri:0, instance:MyTestNG.Sept29_DP@5cee5251] output=Method is started]]]>
    </line>
    <line>
      <![CDATA[Method is started]]>
    </line>
    <line>
      <![CDATA[Fail[TestResult name=g status=FAILURE method=Sept29_DP.g(int, int, int)[pri:0, instance:MyTestNG.Sept29_DP@5cee5251] output=Method is started]]]>
    </line>
    <line>
      <![CDATA[Success]]>
    </line>
    <line>
      <![CDATA[Method is started]]>
    </line>
    <line>
      <![CDATA[Success]]>
    </line>
    <line>
      <![CDATA[Method is started]]>
    </line>
    <line>
      <![CDATA[Success]]>
    </line>
    <line>
      <![CDATA[Method is started]]>
    </line>
    <line>
      <![CDATA[Fail[TestResult name=find status=FAILURE method=Sept27_DependsOnGroup.find()[pri:0, instance:MyTestNG.Sept27_DependsOnGroup@7adda9cc] output=Method is started]]]>
    </line>
    <line>
      <![CDATA[Method is started]]>
    </line>
    <line>
      <![CDATA[Skipped[TestResult name=displayResult status=SKIP method=Sept27_DependsOnGroup.displayResult()[pri:0, instance:MyTestNG.Sept27_DependsOnGroup@7adda9cc] output={null}]]]>
    </line>
    <line>
      <![CDATA[Method is started]]>
    </line>
    <line>
      <![CDATA[Success]]>
    </line>
  </reporter-output>
  <suite started-at="2021-10-06T20:33:54 IST" name="Suite" finished-at="2021-10-06T20:34:16 IST" duration-ms="22570">
    <groups>
      <group name="gmail">
        <method signature="Sept27_DependsOnGroup.clickgmail()[pri:0, instance:MyTestNG.Sept27_DependsOnGroup@7adda9cc]" name="clickgmail" class="MyTestNG.Sept27_DependsOnGroup"/>
      </group> <!-- gmail -->
      <group name="gsearch">
        <method signature="Sept27_DependsOnGroup.displayResult()[pri:0, instance:MyTestNG.Sept27_DependsOnGroup@7adda9cc]" name="displayResult" class="MyTestNG.Sept27_DependsOnGroup"/>
      </group> <!-- gsearch -->
      <group name="basic">
        <method signature="Sept27_DependsOnGroup.init12()[pri:0, instance:MyTestNG.Sept27_DependsOnGroup@7adda9cc]" name="init12" class="MyTestNG.Sept27_DependsOnGroup"/>
        <method signature="Sept27_DependsOnGroup.openURL()[pri:0, instance:MyTestNG.Sept27_DependsOnGroup@7adda9cc]" name="openURL" class="MyTestNG.Sept27_DependsOnGroup"/>
      </group> <!-- basic -->
    </groups>
    <test started-at="2021-10-06T20:33:54 IST" name="Test" finished-at="2021-10-06T20:34:16 IST" duration-ms="22570">
      <class name="MyTestNG.Oct10_CrossBrowser">
        <test-method is-config="true" signature="BeforeClass1(java.lang.String)[pri:0, instance:MyTestNG.Oct10_CrossBrowser@433d61fb]" started-at="2021-10-06T20:33:54 IST" name="BeforeClass1" finished-at="2021-10-06T20:34:11 IST" duration-ms="16869" status="PASS">
          <params>
            <param index="0">
              <value>
                <![CDATA[Mozila]]>
              </value>
            </param>
          </params>
          <reporter-output>
          </reporter-output>
        </test-method> <!-- BeforeClass1 -->
        <test-method signature="f()[pri:0, instance:MyTestNG.Oct10_CrossBrowser@433d61fb]" started-at="2021-10-06T20:34:11 IST" name="f" finished-at="2021-10-06T20:34:16 IST" duration-ms="5621" status="PASS">
          <reporter-output>
            <line>
              <![CDATA[Method is started]]>
            </line>
            <line>
              <![CDATA[Success]]>
            </line>
          </reporter-output>
        </test-method> <!-- f -->
      </class> <!-- MyTestNG.Oct10_CrossBrowser -->
      <class name="MyTestNG.Sept27_DependsOnGroup">
        <test-method signature="init12()[pri:0, instance:MyTestNG.Sept27_DependsOnGroup@7adda9cc]" started-at="2021-10-06T20:33:54 IST" name="init12" finished-at="2021-10-06T20:33:59 IST" duration-ms="4638" status="PASS">
          <reporter-output>
            <line>
              <![CDATA[Method is started]]>
            </line>
            <line>
              <![CDATA[Success]]>
            </line>
          </reporter-output>
        </test-method> <!-- init12 -->
        <test-method signature="openURL()[pri:0, instance:MyTestNG.Sept27_DependsOnGroup@7adda9cc]" started-at="2021-10-06T20:33:59 IST" name="openURL" finished-at="2021-10-06T20:34:04 IST" depends-on-methods="MyTestNG.Sept27_DependsOnGroup.init12" duration-ms="5485" status="PASS">
          <reporter-output>
            <line>
              <![CDATA[Method is started]]>
            </line>
            <line>
              <![CDATA[Success]]>
            </line>
          </reporter-output>
        </test-method> <!-- openURL -->
        <test-method signature="clickgmail()[pri:0, instance:MyTestNG.Sept27_DependsOnGroup@7adda9cc]" started-at="2021-10-06T20:34:04 IST" name="clickgmail" depends-on-groups="basic" finished-at="2021-10-06T20:34:08 IST" duration-ms="3685" status="PASS">
          <reporter-output>
            <line>
              <![CDATA[Method is started]]>
            </line>
            <line>
              <![CDATA[Success]]>
            </line>
          </reporter-output>
        </test-method> <!-- clickgmail -->
        <test-method signature="find()[pri:0, instance:MyTestNG.Sept27_DependsOnGroup@7adda9cc]" started-at="2021-10-06T20:34:08 IST" name="find" depends-on-groups="basic" finished-at="2021-10-06T20:34:08 IST" duration-ms="55" status="FAIL">
          <exception class="org.openqa.selenium.NoSuchElementException">
            <message>
              <![CDATA[no such element: Unable to locate element: {"method":"xpath","selector":"//*[@name="q"]"}
  (Session info: chrome=94.0.4606.71)
For documentation on this error, please visit: https://www.seleniumhq.org/exceptions/no_such_element.html
Build info: version: '3.141.59', revision: 'e82be7d358', time: '2018-11-14T08:25:48'
System info: host: 'RAVINDRALAPTOP', ip: '192.168.0.101', os.name: 'Windows 8', os.arch: 'amd64', os.version: '6.2', java.version: '15.0.1'
Driver info: org.openqa.selenium.chrome.ChromeDriver
Capabilities {acceptInsecureCerts: false, browserName: chrome, browserVersion: 94.0.4606.71, chrome: {chromedriverVersion: 94.0.4606.41 (333e85df3c9b6..., userDataDir: C:\Users\ravi\AppData\Local...}, goog:chromeOptions: {debuggerAddress: localhost:60605}, javascriptEnabled: true, networkConnectionEnabled: false, pageLoadStrategy: normal, platform: WINDOWS, platformName: WINDOWS, proxy: Proxy(), setWindowRect: true, strictFileInteractability: false, timeouts: {implicit: 0, pageLoad: 300000, script: 30000}, unhandledPromptBehavior: dismiss and notify, webauthn:extension:credBlob: true, webauthn:extension:largeBlob: true, webauthn:virtualAuthenticators: true}
Session ID: 94a67502452a16eacaa63e3c0cb25658
*** Element info: {Using=xpath, value=//*[@name="q"]}]]>
            </message>
            <full-stacktrace>
              <![CDATA[org.openqa.selenium.NoSuchElementException: no such element: Unable to locate element: {"method":"xpath","selector":"//*[@name="q"]"}
  (Session info: chrome=94.0.4606.71)
For documentation on this error, please visit: https://www.seleniumhq.org/exceptions/no_such_element.html
Build info: version: '3.141.59', revision: 'e82be7d358', time: '2018-11-14T08:25:48'
System info: host: 'RAVINDRALAPTOP', ip: '192.168.0.101', os.name: 'Windows 8', os.arch: 'amd64', os.version: '6.2', java.version: '15.0.1'
Driver info: org.openqa.selenium.chrome.ChromeDriver
Capabilities {acceptInsecureCerts: false, browserName: chrome, browserVersion: 94.0.4606.71, chrome: {chromedriverVersion: 94.0.4606.41 (333e85df3c9b6..., userDataDir: C:\Users\ravi\AppData\Local...}, goog:chromeOptions: {debuggerAddress: localhost:60605}, javascriptEnabled: true, networkConnectionEnabled: false, pageLoadStrategy: normal, platform: WINDOWS, platformName: WINDOWS, proxy: Proxy(), setWindowRect: true, strictFileInteractability: false, timeouts: {implicit: 0, pageLoad: 300000, script: 30000}, unhandledPromptBehavior: dismiss and notify, webauthn:extension:credBlob: true, webauthn:extension:largeBlob: true, webauthn:virtualAuthenticators: true}
Session ID: 94a67502452a16eacaa63e3c0cb25658
*** Element info: {Using=xpath, value=//*[@name="q"]}
at java.base/jdk.internal.reflect.NativeConstructorAccessorImpl.newInstance0(Native Method)
at java.base/jdk.internal.reflect.NativeConstructorAccessorImpl.newInstance(NativeConstructorAccessorImpl.java:64)
at java.base/jdk.internal.reflect.DelegatingConstructorAccessorImpl.newInstance(DelegatingConstructorAccessorImpl.java:45)
at java.base/java.lang.reflect.Constructor.newInstanceWithCaller(Constructor.java:500)
at java.base/java.lang.reflect.Constructor.newInstance(Constructor.java:481)
at org.openqa.selenium.remote.http.W3CHttpResponseCodec.createException(W3CHttpResponseCodec.java:187)
at org.openqa.selenium.remote.http.W3CHttpResponseCodec.decode(W3CHttpResponseCodec.java:122)
at org.openqa.selenium.remote.http.W3CHttpResponseCodec.decode(W3CHttpResponseCodec.java:49)
at org.openqa.selenium.remote.HttpCommandExecutor.execute(HttpCommandExecutor.java:158)
at org.openqa.selenium.remote.service.DriverCommandExecutor.execute(DriverCommandExecutor.java:83)
at org.openqa.selenium.remote.RemoteWebDriver.execute(RemoteWebDriver.java:552)
at org.openqa.selenium.remote.RemoteWebDriver.findElement(RemoteWebDriver.java:323)
at org.openqa.selenium.remote.RemoteWebDriver.findElementByXPath(RemoteWebDriver.java:428)
at org.openqa.selenium.By$ByXPath.findElement(By.java:353)
at org.openqa.selenium.remote.RemoteWebDriver.findElement(RemoteWebDriver.java:315)
at MyTestNG.Sept27_DependsOnGroup.find(Sept27_DependsOnGroup.java:24)
at java.base/jdk.internal.reflect.NativeMethodAccessorImpl.invoke0(Native Method)
at java.base/jdk.internal.reflect.NativeMethodAccessorImpl.invoke(NativeMethodAccessorImpl.java:64)
at java.base/jdk.internal.reflect.DelegatingMethodAccessorImpl.invoke(DelegatingMethodAccessorImpl.java:43)
at java.base/java.lang.reflect.Method.invoke(Method.java:564)
at org.testng.internal.MethodInvocationHelper.invokeMethod(MethodInvocationHelper.java:132)
at org.testng.internal.TestInvoker.invokeMethod(TestInvoker.java:599)
at org.testng.internal.TestInvoker.invokeTestMethod(TestInvoker.java:174)
at org.testng.internal.MethodRunner.runInSequence(MethodRunner.java:46)
at org.testng.internal.TestInvoker$MethodInvocationAgent.invoke(TestInvoker.java:822)
at org.testng.internal.TestInvoker.invokeTestMethods(TestInvoker.java:147)
at org.testng.internal.TestMethodWorker.invokeTestMethods(TestMethodWorker.java:146)
at org.testng.internal.TestMethodWorker.run(TestMethodWorker.java:128)
at java.base/java.util.concurrent.ThreadPoolExecutor.runWorker(ThreadPoolExecutor.java:1130)
at java.base/java.util.concurrent.ThreadPoolExecutor$Worker.run(ThreadPoolExecutor.java:630)
at java.base/java.lang.Thread.run(Thread.java:832)
]]>
            </full-stacktrace>
          </exception> <!-- org.openqa.selenium.NoSuchElementException -->
          <reporter-output>
            <line>
              <![CDATA[Method is started]]>
            </line>
            <line>
              <![CDATA[Fail[TestResult name=find status=FAILURE method=Sept27_DependsOnGroup.find()[pri:0, instance:MyTestNG.Sept27_DependsOnGroup@7adda9cc] output=Method is started]]]>
            </line>
          </reporter-output>
        </test-method> <!-- find -->
        <test-method signature="displayResult()[pri:0, instance:MyTestNG.Sept27_DependsOnGroup@7adda9cc]" started-at="2021-10-06T20:34:08 IST" name="displayResult" finished-at="2021-10-06T20:34:08 IST" depends-on-methods="MyTestNG.Sept27_DependsOnGroup.find" duration-ms="0" status="SKIP">
          <exception class="java.lang.Throwable">
            <message>
              <![CDATA[Method Sept27_DependsOnGroup.displayResult()[pri:0, instance:MyTestNG.Sept27_DependsOnGroup@7adda9cc] depends on not successfully finished methods]]>
            </message>
            <full-stacktrace>
              <![CDATA[java.lang.Throwable: Method Sept27_DependsOnGroup.displayResult()[pri:0, instance:MyTestNG.Sept27_DependsOnGroup@7adda9cc] depends on not successfully finished methods
at org.testng.internal.TestInvoker.invokeTestMethods(TestInvoker.java:102)
at org.testng.internal.TestMethodWorker.invokeTestMethods(TestMethodWorker.java:146)
at org.testng.internal.TestMethodWorker.run(TestMethodWorker.java:128)
at java.base/java.util.concurrent.ThreadPoolExecutor.runWorker(ThreadPoolExecutor.java:1130)
at java.base/java.util.concurrent.ThreadPoolExecutor$Worker.run(ThreadPoolExecutor.java:630)
at java.base/java.lang.Thread.run(Thread.java:832)
]]>
            </full-stacktrace>
          </exception> <!-- java.lang.Throwable -->
          <reporter-output>
            <line>
              <![CDATA[Skipped[TestResult name=displayResult status=SKIP method=Sept27_DependsOnGroup.displayResult()[pri:0, instance:MyTestNG.Sept27_DependsOnGroup@7adda9cc] output={null}]]]>
            </line>
          </reporter-output>
        </test-method> <!-- displayResult -->
        <test-method is-config="true" signature="aftersuite()[pri:0, instance:MyTestNG.Sept27_DependsOnGroup@7adda9cc]" started-at="2021-10-06T20:34:16 IST" name="aftersuite" finished-at="2021-10-06T20:34:19 IST" duration-ms="2547" status="PASS">
          <reporter-output>
          </reporter-output>
        </test-method> <!-- aftersuite -->
      </class> <!-- MyTestNG.Sept27_DependsOnGroup -->
      <class name="MyTestNG.Sept29_DP">
        <test-method signature="f(java.lang.String, java.lang.String)[pri:0, instance:MyTestNG.Sept29_DP@5cee5251]" started-at="2021-10-06T20:33:54 IST" name="f" data-provider="LocalDP" finished-at="2021-10-06T20:33:54 IST" duration-ms="241" status="PASS">
          <params>
            <param index="0">
              <value>
                <![CDATA[Google]]>
              </value>
            </param>
            <param index="1">
              <value>
                <![CDATA[https://www.google.com]]>
              </value>
            </param>
          </params>
          <reporter-output>
            <line>
              <![CDATA[Method is started]]>
            </line>
            <line>
              <![CDATA[Success]]>
            </line>
          </reporter-output>
        </test-method> <!-- f -->
        <test-method signature="f(java.lang.String, java.lang.String)[pri:0, instance:MyTestNG.Sept29_DP@5cee5251]" started-at="2021-10-06T20:33:54 IST" name="f" data-provider="LocalDP" finished-at="2021-10-06T20:33:54 IST" duration-ms="29" status="PASS">
          <params>
            <param index="0">
              <value>
                <![CDATA[Facebook]]>
              </value>
            </param>
            <param index="1">
              <value>
                <![CDATA[https://www.facebook.com]]>
              </value>
            </param>
          </params>
          <reporter-output>
            <line>
              <![CDATA[Method is started]]>
            </line>
            <line>
              <![CDATA[Success]]>
            </line>
          </reporter-output>
        </test-method> <!-- f -->
        <test-method signature="f(java.lang.String, java.lang.String)[pri:0, instance:MyTestNG.Sept29_DP@5cee5251]" started-at="2021-10-06T20:33:54 IST" name="f" data-provider="LocalDP" finished-at="2021-10-06T20:33:54 IST" duration-ms="8" status="PASS">
          <params>
            <param index="0">
              <value>
                <![CDATA[Google]]>
              </value>
            </param>
            <param index="1">
              <value>
                <![CDATA[https://www.google.com]]>
              </value>
            </param>
          </params>
          <reporter-output>
            <line>
              <![CDATA[Method is started]]>
            </line>
            <line>
              <![CDATA[Success]]>
            </line>
          </reporter-output>
        </test-method> <!-- f -->
        <test-method signature="f(java.lang.String, java.lang.String)[pri:0, instance:MyTestNG.Sept29_DP@5cee5251]" started-at="2021-10-06T20:33:54 IST" name="f" data-provider="LocalDP" finished-at="2021-10-06T20:33:54 IST" duration-ms="11" status="PASS">
          <params>
            <param index="0">
              <value>
                <![CDATA[Facebook]]>
              </value>
            </param>
            <param index="1">
              <value>
                <![CDATA[https://www.facebook.com]]>
              </value>
            </param>
          </params>
          <reporter-output>
            <line>
              <![CDATA[Method is started]]>
            </line>
            <line>
              <![CDATA[Success]]>
            </line>
          </reporter-output>
        </test-method> <!-- f -->
        <test-method signature="g(int, int, int)[pri:0, instance:MyTestNG.Sept29_DP@5cee5251]" started-at="2021-10-06T20:33:54 IST" name="g" data-provider="firstDP" finished-at="2021-10-06T20:33:54 IST" duration-ms="20" status="PASS">
          <params>
            <param index="0">
              <value>
                <![CDATA[1]]>
              </value>
            </param>
            <param index="1">
              <value>
                <![CDATA[2]]>
              </value>
            </param>
            <param index="2">
              <value>
                <![CDATA[3]]>
              </value>
            </param>
          </params>
          <reporter-output>
            <line>
              <![CDATA[Method is started]]>
            </line>
            <line>
              <![CDATA[Successful]]>
            </line>
            <line>
              <![CDATA[Success]]>
            </line>
          </reporter-output>
        </test-method> <!-- g -->
        <test-method signature="g(int, int, int)[pri:0, instance:MyTestNG.Sept29_DP@5cee5251]" started-at="2021-10-06T20:33:54 IST" name="g" data-provider="firstDP" finished-at="2021-10-06T20:33:54 IST" duration-ms="24" status="PASS">
          <params>
            <param index="0">
              <value>
                <![CDATA[11]]>
              </value>
            </param>
            <param index="1">
              <value>
                <![CDATA[12]]>
              </value>
            </param>
            <param index="2">
              <value>
                <![CDATA[23]]>
              </value>
            </param>
          </params>
          <reporter-output>
            <line>
              <![CDATA[Method is started]]>
            </line>
            <line>
              <![CDATA[Successful]]>
            </line>
            <line>
              <![CDATA[Success]]>
            </line>
          </reporter-output>
        </test-method> <!-- g -->
        <test-method signature="g(int, int, int)[pri:0, instance:MyTestNG.Sept29_DP@5cee5251]" started-at="2021-10-06T20:33:54 IST" name="g" data-provider="firstDP" finished-at="2021-10-06T20:33:54 IST" duration-ms="64" status="FAIL">
          <params>
            <param index="0">
              <value>
                <![CDATA[10]]>
              </value>
            </param>
            <param index="1">
              <value>
                <![CDATA[20]]>
              </value>
            </param>
            <param index="2">
              <value>
                <![CDATA[-10]]>
              </value>
            </param>
          </params>
          <exception class="java.lang.AssertionError">
            <message>
              <![CDATA[expected [-10] but found [30]]]>
            </message>
            <full-stacktrace>
              <![CDATA[java.lang.AssertionError: expected [-10] but found [30]
at org.testng.Assert.fail(Assert.java:99)
at org.testng.Assert.failNotEquals(Assert.java:1037)
at org.testng.Assert.assertEqualsImpl(Assert.java:140)
at org.testng.Assert.assertEquals(Assert.java:122)
at org.testng.Assert.assertEquals(Assert.java:907)
at org.testng.Assert.assertEquals(Assert.java:917)
at MyTestNG.Sept29_DP.g(Sept29_DP.java:31)
at java.base/jdk.internal.reflect.NativeMethodAccessorImpl.invoke0(Native Method)
at java.base/jdk.internal.reflect.NativeMethodAccessorImpl.invoke(NativeMethodAccessorImpl.java:64)
at java.base/jdk.internal.reflect.DelegatingMethodAccessorImpl.invoke(DelegatingMethodAccessorImpl.java:43)
at java.base/java.lang.reflect.Method.invoke(Method.java:564)
at org.testng.internal.MethodInvocationHelper.invokeMethod(MethodInvocationHelper.java:132)
at org.testng.internal.TestInvoker.invokeMethod(TestInvoker.java:599)
at org.testng.internal.TestInvoker.invokeTestMethod(TestInvoker.java:174)
at org.testng.internal.MethodRunner.runInSequence(MethodRunner.java:46)
at org.testng.internal.TestInvoker$MethodInvocationAgent.invoke(TestInvoker.java:822)
at org.testng.internal.TestInvoker.invokeTestMethods(TestInvoker.java:147)
at org.testng.internal.TestMethodWorker.invokeTestMethods(TestMethodWorker.java:146)
at org.testng.internal.TestMethodWorker.run(TestMethodWorker.java:128)
at java.base/java.util.concurrent.ThreadPoolExecutor.runWorker(ThreadPoolExecutor.java:1130)
at java.base/java.util.concurrent.ThreadPoolExecutor$Worker.run(ThreadPoolExecutor.java:630)
at java.base/java.lang.Thread.run(Thread.java:832)
]]>
            </full-stacktrace>
          </exception> <!-- java.lang.AssertionError -->
          <reporter-output>
            <line>
              <![CDATA[Method is started]]>
            </line>
            <line>
              <![CDATA[Fail[TestResult name=g status=FAILURE method=Sept29_DP.g(int, int, int)[pri:0, instance:MyTestNG.Sept29_DP@5cee5251] output=Method is started]]]>
            </line>
          </reporter-output>
        </test-method> <!-- g -->
        <test-method signature="g(int, int, int)[pri:0, instance:MyTestNG.Sept29_DP@5cee5251]" started-at="2021-10-06T20:33:54 IST" name="g" data-provider="firstDP" finished-at="2021-10-06T20:33:54 IST" duration-ms="10" status="FAIL">
          <params>
            <param index="0">
              <value>
                <![CDATA[20]]>
              </value>
            </param>
            <param index="1">
              <value>
                <![CDATA[1]]>
              </value>
            </param>
            <param index="2">
              <value>
                <![CDATA[19]]>
              </value>
            </param>
          </params>
          <exception class="java.lang.AssertionError">
            <message>
              <![CDATA[expected [19] but found [21]]]>
            </message>
            <full-stacktrace>
              <![CDATA[java.lang.AssertionError: expected [19] but found [21]
at org.testng.Assert.fail(Assert.java:99)
at org.testng.Assert.failNotEquals(Assert.java:1037)
at org.testng.Assert.assertEqualsImpl(Assert.java:140)
at org.testng.Assert.assertEquals(Assert.java:122)
at org.testng.Assert.assertEquals(Assert.java:907)
at org.testng.Assert.assertEquals(Assert.java:917)
at MyTestNG.Sept29_DP.g(Sept29_DP.java:31)
at java.base/jdk.internal.reflect.NativeMethodAccessorImpl.invoke0(Native Method)
at java.base/jdk.internal.reflect.NativeMethodAccessorImpl.invoke(NativeMethodAccessorImpl.java:64)
at java.base/jdk.internal.reflect.DelegatingMethodAccessorImpl.invoke(DelegatingMethodAccessorImpl.java:43)
at java.base/java.lang.reflect.Method.invoke(Method.java:564)
at org.testng.internal.MethodInvocationHelper.invokeMethod(MethodInvocationHelper.java:132)
at org.testng.internal.TestInvoker.invokeMethod(TestInvoker.java:599)
at org.testng.internal.TestInvoker.invokeTestMethod(TestInvoker.java:174)
at org.testng.internal.MethodRunner.runInSequence(MethodRunner.java:46)
at org.testng.internal.TestInvoker$MethodInvocationAgent.invoke(TestInvoker.java:822)
at org.testng.internal.TestInvoker.invokeTestMethods(TestInvoker.java:147)
at org.testng.internal.TestMethodWorker.invokeTestMethods(TestMethodWorker.java:146)
at org.testng.internal.TestMethodWorker.run(TestMethodWorker.java:128)
at java.base/java.util.concurrent.ThreadPoolExecutor.runWorker(ThreadPoolExecutor.java:1130)
at java.base/java.util.concurrent.ThreadPoolExecutor$Worker.run(ThreadPoolExecutor.java:630)
at java.base/java.lang.Thread.run(Thread.java:832)
]]>
            </full-stacktrace>
          </exception> <!-- java.lang.AssertionError -->
          <reporter-output>
            <line>
              <![CDATA[Method is started]]>
            </line>
            <line>
              <![CDATA[Fail[TestResult name=g status=FAILURE method=Sept29_DP.g(int, int, int)[pri:0, instance:MyTestNG.Sept29_DP@5cee5251] output=Method is started]]]>
            </line>
          </reporter-output>
        </test-method> <!-- g -->
      </class> <!-- MyTestNG.Sept29_DP -->
    </test> <!-- Test -->
  </suite> <!-- Suite -->
</testng-results>
